<?xml version="1.0" encoding="UTF-8"?>
<testng-results skipped="0" failed="0" ignored="0" total="1" passed="1">
  <reporter-output>
  </reporter-output>
  <suite name="Default suite" duration-ms="8982" started-at="2018-07-11T02:02:10Z" finished-at="2018-07-11T02:02:19Z">
    <groups>
    </groups>
    <test name="Default test" duration-ms="8982" started-at="2018-07-11T02:02:10Z" finished-at="2018-07-11T02:02:19Z">
      <class name="PropertiesProject.Test1">
        <test-method status="PASS" signature="setUp()[pri:0, instance:PropertiesProject.Test1@7d9d1a19]" name="setUp" is-config="true" duration-ms="3957" started-at="2018-07-11T02:02:10Z" finished-at="2018-07-11T02:02:14Z">
          <reporter-output>
          </reporter-output>
        </test-method> <!-- setUp -->
        <test-method status="PASS" signature="logIn()[pri:0, instance:PropertiesProject.Test1@7d9d1a19]" name="logIn" duration-ms="4981" started-at="2018-07-11T02:02:14Z" finished-at="2018-07-11T02:02:19Z">
          <reporter-output>
          </reporter-output>
        </test-method> <!-- logIn -->
      </class> <!-- PropertiesProject.Test1 -->
    </test> <!-- Default test -->
  </suite> <!-- Default suite -->
</testng-results>
